<?xml version="1.0" encoding="UTF-8"?>
<testsuite xmlns:xsi="http://www.w3.org/2001/XMLSchema-instance" xsi:noNamespaceSchemaLocation="https://maven.apache.org/surefire/maven-surefire-plugin/xsd/surefire-test-report.xsd" name="HomePageYandexTest" time="28.38" tests="5" errors="0" skipped="0" failures="0">
  <properties>
[...]
</properties>
  <testcase name="goToConstructorFromPersonalAccount" classname="HomePageYandexTest" time="6.758"/>
  <testcase name="goOnFillingsTab" classname="HomePageYandexTest" time="3.778"/>
  <testcase name="goOnBunTab" classname="HomePageYandexTest" time="4.394"/>
  <testcase name="goOnSauceTab" classname="HomePageYandexTest" time="3.898"/>
  <testcase name="goToConstructorByLogo" classname="HomePageYandexTest" time="9.539"/>
</testsuite>